[Licensing::Module] Trying to connect to existing licensing client channel...
Built from '6000.2/respin/6000.2.8f1-e4064264ae96' branch; Version is '6000.2.8f1 (c9992ac36c34) revision 13211946'; Using compiler version '194234433'; Build Type 'Release'
[Licensing::IpcConnector] Successfully connected to: "LicenseClient-gyorf" at "2025-11-21T12:16:14.3655293Z"
OS: 'Windows 11  (10.0.26100) 64bit Professional' Language: 'hu' Physical Memory: 16276 MB
BatchMode: 1, IsHumanControllingUs: 0, StartBugReporterOnCrash: 0, Is64bit: 1
Date: 2025-11-21T12:16:14Z

COMMAND LINE ARGUMENTS:
C:\Program Files\UnityEngine\6000.2.8f1\Editor\Unity.exe
-adb2
-batchMode
-noUpm
-name
AssetImportWorker0
-projectPath
C:/Users/gyorf/Documents/Jatekfejlesztes2/carformance
-logFile
Logs/AssetImportWorker0.log
-srvPort
58888
-licensingIpc
LicenseClient-gyorf
-job-worker-count
3
-background-job-worker-count
8
-gc-helper-count
1
-name
AssetImport
Successfully changed project path to: C:/Users/gyorf/Documents/Jatekfejlesztes2/carformance
C:/Users/gyorf/Documents/Jatekfejlesztes2/carformance
[UnityMemory] Configuration Parameters - Can be set up in boot.config
    "memorysetup-allocator-temp-initial-block-size-main=262144"
    "memorysetup-allocator-temp-initial-block-size-worker=262144"
    "memorysetup-bucket-allocator-granularity=16"
    "memorysetup-bucket-allocator-bucket-count=8"
    "memorysetup-bucket-allocator-block-size=33554432"
    "memorysetup-bucket-allocator-block-count=8"
    "memorysetup-main-allocator-block-size=16777216"
    "memorysetup-thread-allocator-block-size=16777216"
    "memorysetup-gfx-main-allocator-block-size=16777216"
    "memorysetup-gfx-thread-allocator-block-size=16777216"
    "memorysetup-cache-allocator-block-size=4194304"
    "memorysetup-typetree-allocator-block-size=2097152"
    "memorysetup-profiler-bucket-allocator-granularity=16"
    "memorysetup-profiler-bucket-allocator-bucket-count=8"
    "memorysetup-profiler-bucket-allocator-block-size=33554432"
    "memorysetup-profiler-bucket-allocator-block-count=8"
    "memorysetup-profiler-allocator-block-size=16777216"
    "memorysetup-profiler-editor-allocator-block-size=1048576"
    "memorysetup-temp-allocator-size-main=16777216"
    "memorysetup-job-temp-allocator-block-size=2097152"
    "memorysetup-job-temp-allocator-block-size-background=1048576"
    "memorysetup-job-temp-allocator-reduction-small-platforms=262144"
    "memorysetup-temp-allocator-size-background-worker=32768"
    "memorysetup-temp-allocator-size-job-worker=262144"
    "memorysetup-temp-allocator-size-preload-manager=33554432"
    "memorysetup-temp-allocator-size-nav-mesh-worker=65536"
    "memorysetup-temp-allocator-size-audio-worker=65536"
    "memorysetup-temp-allocator-size-cloud-worker=32768"
    "memorysetup-temp-allocator-size-gi-baking-worker=262144"
    "memorysetup-temp-allocator-size-gi-baking-worker=262144"
    "memorysetup-temp-allocator-size-gi-baking-worker=262144"
    "memorysetup-temp-allocator-size-gi-baking-worker=262144"
    "memorysetup-temp-allocator-size-gi-baking-worker=262144"
    "memorysetup-temp-allocator-size-gfx=262144"
Player connection [48340]  Target information:

Player connection [48340]  * "[IP] 192.168.0.14 [Port] 0 [Flags] 2 [Guid] 1940668319 [EditorId] 1940668319 [Version] 1048832 [Id] WindowsEditor(7,DESKTOP-UL3FLM1) [Debug] 1 [PackageName] WindowsEditor [ProjectName] Editor" 

Player connection [48340] Host joined multi-casting on [225.0.0.222:54997]...
Player connection [48340] Host joined alternative multi-casting on [225.0.0.222:34997]...
JobSystem: Creating JobQueue using job-worker-count value 3
Input System module state changed to: Initialized.
[Physics::Module] Initialized fallback backend.
[Physics::Module] Id: 0xdecafbad
Library Redirect Path: Library/
[Licensing::Client] Code 10 while verifying Licensing Client signature (process Id: 10264, path: "D:/Programs/UnityHub/Unity Hub/UnityLicensingClient_V1/Unity.Licensing.Client.exe")
[Licensing::Module] LicensingClient has failed validation; ignoring
[Licensing::Client] Handshaking with LicensingClient:
  Version:                 1.17.3+a4e98f1
  Session Id:              5abe042497e34fefa2b279400f4447c1
  Correlation Id:          d6b695ea835d52e0cc6239a3d572beab
  External correlation Id: 1338449756284091792
  Machine Id:              XonrmZSX8T9gyPwxQZyyR4Cmz5w=
[Licensing::Module] Successfully connected to LicensingClient on channel: "LicenseClient-gyorf" (connect: 0.00s, validation: 0.01s, handshake: 0.50s)
[Licensing::IpcConnector] Successfully connected to: "LicenseClient-gyorf-notifications" at "2025-11-21T12:16:14.8725608Z"
[Licensing::Module] Licensing Background thread has ended after 0.51s
[Physics::Module] Selected backend.
[Physics::Module] Name: PhysX
[Physics::Module] Id: 0xf2b8ea05
[Physics::Module] SDK Version: 4.1.2
[Physics::Module] Integration Version: 1.0.0
[Physics::Module] Threading Mode: Multi-Threaded
Refreshing native plugins compatible for Editor in 306.08 ms, found 3 plugins.
Preloading 0 native plugins for Editor in 0.00 ms.
Initialize engine version: 6000.2.8f1 (c9992ac36c34)
[Subsystems] Discovering subsystems at path C:/Program Files/UnityEngine/6000.2.8f1/Editor/Data/Resources/UnitySubsystems
[Subsystems] Discovering subsystems at path C:/Users/gyorf/Documents/Jatekfejlesztes2/carformance/Assets
GfxDevice: creating device client; kGfxThreadingModeNonThreaded
Direct3D:
    Version:  Direct3D 11.0 [level 11.1]
    Renderer: AMD Radeon(TM) RX 560 (ID=0x67ef)
    Vendor:   ATI
    VRAM:     4074 MB
    Driver:   31.0.21923.11000
Initialize mono
Mono path[0] = 'C:/Program Files/UnityEngine/6000.2.8f1/Editor/Data/Managed'
Mono path[1] = 'C:/Program Files/UnityEngine/6000.2.8f1/Editor/Data/MonoBleedingEdge/lib/mono/unityjit-win32'
Mono config path = 'C:/Program Files/UnityEngine/6000.2.8f1/Editor/Data/MonoBleedingEdge/etc'
Using monoOptions --debugger-agent=transport=dt_socket,embedding=1,server=y,suspend=n,address=127.0.0.1:56456
Begin MonoManager ReloadAssembly
Registering precompiled unity dll's ...
Register platform support module: C:/Program Files/UnityEngine/6000.2.8f1/Editor/Data/PlaybackEngines/WindowsStandaloneSupport/UnityEditor.WindowsStandalone.Extensions.dll
Registered in 0.421109 seconds.
- Loaded All Assemblies, in  7.420 seconds
Native extension for WindowsStandalone target not found
Mono: successfully reloaded assembly
- Finished resetting the current domain, in  1.241 seconds
Domain Reload Profiling: 8654ms
	BeginReloadAssembly (2197ms)
		ExecutionOrderSort (0ms)
		DisableScriptedObjects (0ms)
		BackupInstance (0ms)
		ReleaseScriptingObjects (0ms)
		CreateAndSetChildDomain (4ms)
	RebuildCommonClasses (1720ms)
	RebuildNativeTypeToScriptingClass (47ms)
	initialDomainReloadingComplete (574ms)
	LoadAllAssembliesAndSetupDomain (2874ms)
		LoadAssemblies (2178ms)
		RebuildTransferFunctionScriptingTraits (0ms)
		AnalyzeDomain (2865ms)
			TypeCache.Refresh (2861ms)
				TypeCache.ScanAssembly (2156ms)
			BuildScriptInfoCaches (0ms)
			ResolveRequiredComponents (1ms)
	FinalizeReload (1242ms)
		ReleaseScriptCaches (0ms)
		RebuildScriptCaches (0ms)
		SetupLoadedEditorAssemblies (1118ms)
			LogAssemblyErrors (0ms)
			InitializePlatformSupportModulesInManaged (147ms)
			SetLoadedEditorAssemblies (9ms)
			BeforeProcessingInitializeOnLoad (298ms)
			ProcessInitializeOnLoadAttributes (507ms)
			ProcessInitializeOnLoadMethodAttributes (156ms)
			AfterProcessingInitializeOnLoad (0ms)
			EditorAssembliesLoaded (0ms)
		ExecutionOrderSort2 (0ms)
		AwakeInstancesAfterBackupRestoration (0ms)
========================================================================
Worker process is ready to serve import requests
Import Worker Mode flag is 0x00
Begin MonoManager ReloadAssembly
[Licensing::Client] Successfully resolved entitlement details
[Licensing::Module] License group:
  Id: 7971647008574-UnityPersXXXX
  Product: Unity Personal
  Type: Assigned
  Expiration: Unlimited
Symbol file LoadedFromMemory is not a mono symbol file
- Loaded All Assemblies, in 25.429 seconds
Refreshing native plugins compatible for Editor in 3.33 ms, found 3 plugins.
Native extension for WindowsStandalone target not found
Package Manager log level set to [2]
[Package Manager] Failed to launch server process. Reason: Unity was launched with the -noUpm command-line argument
[Package Manager] Unable to send message (not connected to server process).
[Package Manager] Cannot connect to Unity Package Manager local server
[Package Manager] Failed to launch server process. Reason: Unity was launched with the -noUpm command-line argument
[Package Manager] Unable to send message (not connected to server process).
[Package Manager] Cannot connect to Unity Package Manager local server
Mono: successfully reloaded assembly
- Finished resetting the current domain, in  1.897 seconds
Domain Reload Profiling: 27315ms
	BeginReloadAssembly (658ms)
		ExecutionOrderSort (0ms)
		DisableScriptedObjects (25ms)
		BackupInstance (0ms)
		ReleaseScriptingObjects (0ms)
		CreateAndSetChildDomain (79ms)
	RebuildCommonClasses (128ms)
	RebuildNativeTypeToScriptingClass (36ms)
	initialDomainReloadingComplete (120ms)
	LoadAllAssembliesAndSetupDomain (24474ms)
		LoadAssemblies (22825ms)
		RebuildTransferFunctionScriptingTraits (0ms)
		AnalyzeDomain (2045ms)
			TypeCache.Refresh (1915ms)
				TypeCache.ScanAssembly (1851ms)
			BuildScriptInfoCaches (103ms)
			ResolveRequiredComponents (17ms)
	FinalizeReload (1898ms)
		ReleaseScriptCaches (0ms)
		RebuildScriptCaches (0ms)
		SetupLoadedEditorAssemblies (1498ms)
			LogAssemblyErrors (0ms)
			InitializePlatformSupportModulesInManaged (3ms)
			SetLoadedEditorAssemblies (14ms)
			BeforeProcessingInitializeOnLoad (422ms)
			ProcessInitializeOnLoadAttributes (893ms)
			ProcessInitializeOnLoadMethodAttributes (152ms)
			AfterProcessingInitializeOnLoad (13ms)
			EditorAssembliesLoaded (0ms)
		ExecutionOrderSort2 (0ms)
		AwakeInstancesAfterBackupRestoration (26ms)
Launched and connected shader compiler UnityShaderCompiler.exe after 0.13 seconds
Refreshing native plugins compatible for Editor in 5.48 ms, found 3 plugins.
Preloading 0 native plugins for Editor in 0.00 ms.
Unloading 0 Unused Serialized files (Serialized files now loaded: 0)
Unloading 4201 unused Assets / (468.6 KB). Loaded Objects now: 4682.
Memory consumption went from 89.4 MB to 89.0 MB.
Total: 30.391500 ms (FindLiveObjects: 1.203600 ms CreateObjectMapping: 1.688500 ms MarkObjects: 21.568000 ms  DeleteObjects: 5.926300 ms)

========================================================================
Received Import Request.
  Time since last request: 325631.911580 seconds.
  path: Assets/Scenes/Hungaroring.unity
  artifactKey: Guid(98ccc901fc3183249af0cab076570493) Importer(2089858483,192608db42251d675da83286b1cce702)
Start importing Assets/Scenes/Hungaroring.unity using Guid(98ccc901fc3183249af0cab076570493) Importer(2089858483,192608db42251d675da83286b1cce702) (ScriptedImporter) -> (artifact id: '2068590415b72614886b470c45b778cc') in 0.4485708 seconds
Number of updated asset objects reloaded before import = 0Number of asset objects unloaded after import = 1

========================================================================
Received Import Request.
  Time since last request: 0.000049 seconds.
  path: Assets/Cars/Red Bull/sounds/f16000rpm.wav
  artifactKey: Guid(d760afff0fec13e4eaffc7850de6fb6b) Importer(815301076,1909f56bfc062723c751e8b465ee728b)
Start importing Assets/Cars/Red Bull/sounds/f16000rpm.wav using Guid(d760afff0fec13e4eaffc7850de6fb6b) Importer(815301076,1909f56bfc062723c751e8b465ee728b) (PreviewImporter) -> (artifact id: 'f719a1ece2bfdc96714bd9c48f898bc0') in 0.4232421 seconds
Number of updated asset objects reloaded before import = 0Number of asset objects unloaded after import = 2

========================================================================
Received Import Request.
  Time since last request: 0.000053 seconds.
  path: Assets/Scripts/engine/inputHandler.cs
  artifactKey: Guid(932d6b47c1cafee46b81a2c319d6a7d7) Importer(2089858483,192608db42251d675da83286b1cce702)
Start importing Assets/Scripts/engine/inputHandler.cs using Guid(932d6b47c1cafee46b81a2c319d6a7d7) Importer(2089858483,192608db42251d675da83286b1cce702) (ScriptedImporter) -> (artifact id: '96f22c62ff3395adf1a496cbd5b2c335') in 0.1460307 seconds
Number of updated asset objects reloaded before import = 0Number of asset objects unloaded after import = 0

========================================================================
Received Import Request.
  Time since last request: 0.001404 seconds.
  path: Assets/Cars/Red Bull/sounds/f110000rpm.wav
  artifactKey: Guid(9a8671685097f964bb77c5ac8eb7ba94) Importer(815301076,1909f56bfc062723c751e8b465ee728b)
Start importing Assets/Cars/Red Bull/sounds/f110000rpm.wav using Guid(9a8671685097f964bb77c5ac8eb7ba94) Importer(815301076,1909f56bfc062723c751e8b465ee728b) (PreviewImporter) -> (artifact id: 'd871a5bdbfa77eb39011fc34fec70c2b') in 0.0672695 seconds
Number of updated asset objects reloaded before import = 0Number of asset objects unloaded after import = 2

========================================================================
Received Import Request.
  Time since last request: 0.000046 seconds.
  path: Assets/Cars/Red Bull/sounds/f14000rpm.wav
  artifactKey: Guid(6035b736885684c4c917cfdebd0fb50c) Importer(815301076,1909f56bfc062723c751e8b465ee728b)
Start importing Assets/Cars/Red Bull/sounds/f14000rpm.wav using Guid(6035b736885684c4c917cfdebd0fb50c) Importer(815301076,1909f56bfc062723c751e8b465ee728b) (PreviewImporter) -> (artifact id: 'f5fbd8d0157ee7307fae717235065410') in 0.0487095 seconds
Number of updated asset objects reloaded before import = 0Number of asset objects unloaded after import = 2

========================================================================
Received Import Request.
  Time since last request: 0.934228 seconds.
  path: Assets/Cars/Red Bull/sounds/f111000prm.wav
  artifactKey: Guid(24c1162cbd98cd944b6d74ae08f7ed72) Importer(2089858483,192608db42251d675da83286b1cce702)
Start importing Assets/Cars/Red Bull/sounds/f111000prm.wav using Guid(24c1162cbd98cd944b6d74ae08f7ed72) Importer(2089858483,192608db42251d675da83286b1cce702) (ScriptedImporter) -> (artifact id: '902a6e59ee2a9fa95f22814672bdf0c9') in 0.1401363 seconds
Number of updated asset objects reloaded before import = 0Number of asset objects unloaded after import = 1

========================================================================
Received Import Request.
  Time since last request: 0.000041 seconds.
  path: Assets/Cars/Red Bull/sounds/f19000rpm.wav
  artifactKey: Guid(220498f79f2d9d14ea0b0a97aca03fb2) Importer(2089858483,192608db42251d675da83286b1cce702)
Start importing Assets/Cars/Red Bull/sounds/f19000rpm.wav using Guid(220498f79f2d9d14ea0b0a97aca03fb2) Importer(2089858483,192608db42251d675da83286b1cce702) (ScriptedImporter) -> (artifact id: '91c0ad106c8919da90f98bc00a534b3e') in 0.1021253 seconds
Number of updated asset objects reloaded before import = 0Number of asset objects unloaded after import = 1

========================================================================
Received Import Request.
  Time since last request: 0.000112 seconds.
  path: Assets/Cars/Red Bull/sounds/f15000rpm.wav
  artifactKey: Guid(febf8f6d072e12048ba19e37eed6a903) Importer(2089858483,192608db42251d675da83286b1cce702)
Start importing Assets/Cars/Red Bull/sounds/f15000rpm.wav using Guid(febf8f6d072e12048ba19e37eed6a903) Importer(2089858483,192608db42251d675da83286b1cce702) (ScriptedImporter) -> (artifact id: 'e9ded49798127820dafe75961c22263e') in 0.0813052 seconds
Number of updated asset objects reloaded before import = 0Number of asset objects unloaded after import = 1

========================================================================
Received Import Request.
  Time since last request: 13.205361 seconds.
  path: Assets/Cars/Red Bull/sounds/f14000rpm.wav
  artifactKey: Guid(6035b736885684c4c917cfdebd0fb50c) Importer(815301076,1909f56bfc062723c751e8b465ee728b)
Start importing Assets/Cars/Red Bull/sounds/f14000rpm.wav using Guid(6035b736885684c4c917cfdebd0fb50c) Importer(815301076,1909f56bfc062723c751e8b465ee728b) (PreviewImporter) -> (artifact id: '056034a493dc1993f350214a2f1f971e') in 0.0478444 seconds
Number of updated asset objects reloaded before import = 0Number of asset objects unloaded after import = 2

========================================================================
Received Import Request.
  Time since last request: 0.000101 seconds.
  path: Assets/Cars/Red Bull/sounds/f16000rpm.wav
  artifactKey: Guid(d760afff0fec13e4eaffc7850de6fb6b) Importer(815301076,1909f56bfc062723c751e8b465ee728b)
Start importing Assets/Cars/Red Bull/sounds/f16000rpm.wav using Guid(d760afff0fec13e4eaffc7850de6fb6b) Importer(815301076,1909f56bfc062723c751e8b465ee728b) (PreviewImporter) -> (artifact id: '6edbb0b1480f73558bf43756ce8678c7') in 0.0732666 seconds
Number of updated asset objects reloaded before import = 0Number of asset objects unloaded after import = 2

========================================================================
Received Import Request.
  Time since last request: 0.000097 seconds.
  path: Assets/Cars/Red Bull/sounds/f111000prm.wav
  artifactKey: Guid(24c1162cbd98cd944b6d74ae08f7ed72) Importer(815301076,1909f56bfc062723c751e8b465ee728b)
Start importing Assets/Cars/Red Bull/sounds/f111000prm.wav using Guid(24c1162cbd98cd944b6d74ae08f7ed72) Importer(815301076,1909f56bfc062723c751e8b465ee728b) (PreviewImporter) -> (artifact id: '3f357c43f5c03f6de9a550cc5d2c9623') in 0.0477784 seconds
Number of updated asset objects reloaded before import = 0Number of asset objects unloaded after import = 2

Editor requested this worker to shutdown with reason: Scaling down because of idle timeout
AssetImportWorker is now disconnected from the server
Process exiting
Exiting without the bug reporter. Application will terminate with return code 0